<?xml version="1.0" encoding="UTF-8"?>
<!-- Generated by org.testng.reporters.JUnitReportReporter -->
<testsuite hostname="DESKTOP-0J8IP6A" failures="0" tests="1" name="TEstNgbasic.SoftAssert_pract" time="0.008" errors="0" timestamp="2022-08-12T21:00:28 IST" skipped="0">
  <testcase classname="TEstNgbasic.SoftAssert_pract" name="testLoginHeading" time="0.008"/>
  <system-out/>
</testsuite> <!-- TEstNgbasic.SoftAssert_pract -->
