<?xml version="1.0" encoding="UTF-8"?>
<!-- Generated by org.testng.reporters.JUnitReportReporter -->
<testsuite hostname="DESKTOP-0J8IP6A" failures="0" tests="1" name="TEstNgbasic.G" time="0.001" errors="0" timestamp="2022-08-12T20:46:44 IST" skipped="0">
  <testcase classname="TEstNgbasic.G" name="f" time="0.001"/>
  <system-out/>
</testsuite> <!-- TEstNgbasic.G -->
